<?xml version="1.0" encoding="UTF-8"?>
<!-- Generated by org.testng.reporters.JUnitXMLReporter -->
<testsuite ignored="2" hostname="LAPTOP-2GM121DF" failures="0" tests="6" name="order" time="0.547" errors="0" timestamp="2022-01-21T18:20:51 PST">
  <testcase classname="testNGPkg.Functionality1" name="functionality1Test1" time="0.061"/>
  <testcase classname="testNGPkg.Functionality1" name="functionality1Test2" time="0.002"/>
  <testcase classname="testNGPkg.Functionality1" name="functionality1Test3" time="0.002"/>
  <testcase classname="testNGPkg.Functionality2" name="functionality2Test1" time="0.002"/>
  <testcase classname="testNGPkg.Functionality2" name="functionality2Test2" time="0.002"/>
  <testcase classname="testNGPkg.Functionality2" name="functionality2Test3" time="0.001"/>
  <testcase classname="testNGPkg.BaseTest" name="@AfterTest tearDown" time="0.0">
    <ignored/>
  </testcase> <!-- @AfterTest tearDown -->
  <testcase classname="testNGPkg.BaseTest" name="@BeforeTest setUp" time="0.0">
    <ignored/>
  </testcase> <!-- @BeforeTest setUp -->
</testsuite> <!-- order -->
