<?xml version="1.0" encoding="UTF-8"?>
<!-- Generated by org.testng.reporters.JUnitXMLReporter -->
<testsuite ignored="3" hostname="LAPTOP-2GM121DF" failures="0" tests="1" name="Test10" time="0.002" errors="0" timestamp="2021-12-30T18:07:41 PST">
  <testcase classname="testNGPkg.ParallelExecutionTests" name="method2" time="0.001"/>
  <testcase classname="testNGPkg.ParallelExecutionTests" name="method3" time="0.0">
    <ignored/>
  </testcase> <!-- method3 -->
  <testcase classname="testNGPkg.ParallelExecutionTests" name="method4" time="0.0">
    <ignored/>
  </testcase> <!-- method4 -->
  <testcase classname="testNGPkg.ParallelExecutionTests" name="method1" time="0.0">
    <ignored/>
  </testcase> <!-- method1 -->
</testsuite> <!-- Test10 -->
