<?xml version="1.0" encoding="UTF-8"?>
<!-- Generated by org.testng.reporters.JUnitXMLReporter -->
<testsuite ignored="3" hostname="LAPTOP-2GM121DF" failures="0" tests="1" name="Test7" time="7.705" errors="0" timestamp="2021-12-30T18:07:49 PST">
  <testcase classname="testNGPkg.ParallelExecutionTest1" name="method3" time="7.702"/>
  <testcase classname="testNGPkg.ParallelExecutionTest1" name="method1" time="0.0">
    <ignored/>
  </testcase> <!-- method1 -->
  <testcase classname="testNGPkg.ParallelExecutionTest1" name="method2" time="0.0">
    <ignored/>
  </testcase> <!-- method2 -->
  <testcase classname="testNGPkg.ParallelExecutionTest1" name="method4" time="0.0">
    <ignored/>
  </testcase> <!-- method4 -->
</testsuite> <!-- Test7 -->
