<?xml version="1.0" encoding="UTF-8"?>
<!-- Generated by org.testng.reporters.JUnitXMLReporter -->
<testsuite ignored="3" hostname="LAPTOP-2GM121DF" failures="0" tests="1" name="Test5" time="9.244" errors="0" timestamp="2021-12-30T18:07:41 PST">
  <testcase classname="testNGPkg.ParallelExecutionTest1" name="method1" time="9.203"/>
  <testcase classname="testNGPkg.ParallelExecutionTest1" name="method2" time="0.0">
    <ignored/>
  </testcase> <!-- method2 -->
  <testcase classname="testNGPkg.ParallelExecutionTest1" name="method3" time="0.0">
    <ignored/>
  </testcase> <!-- method3 -->
  <testcase classname="testNGPkg.ParallelExecutionTest1" name="method4" time="0.0">
    <ignored/>
  </testcase> <!-- method4 -->
</testsuite> <!-- Test5 -->
