<?xml version="1.0" encoding="UTF-8"?>
<!-- Generated by org.testng.reporters.JUnitXMLReporter -->
<testsuite ignored="2" hostname="LAPTOP-2GM121DF" failures="0" tests="1" name="Test1" time="0.002" errors="0" timestamp="2021-12-31T18:18:04 PST">
  <testcase classname="testNGPkg.DifferentParameters" name="method2" time="0.0"/>
  <testcase classname="testNGPkg.DifferentParameters" name="method3" time="0.0">
    <ignored/>
  </testcase> <!-- method3 -->
  <testcase classname="testNGPkg.DifferentParameters" name="method1" time="0.0">
    <ignored/>
  </testcase> <!-- method1 -->
</testsuite> <!-- Test1 -->
