<?xml version="1.0" encoding="UTF-8"?>
<!-- Generated by org.testng.reporters.JUnitXMLReporter -->
<testsuite ignored="3" hostname="LAPTOP-2GM121DF" failures="0" tests="1" name="Test8" time="8.688" errors="0" timestamp="2021-12-30T18:07:50 PST">
  <testcase classname="testNGPkg.ParallelExecutionTest1" name="method4" time="8.683"/>
  <testcase classname="testNGPkg.ParallelExecutionTest1" name="method1" time="0.0">
    <ignored/>
  </testcase> <!-- method1 -->
  <testcase classname="testNGPkg.ParallelExecutionTest1" name="method2" time="0.0">
    <ignored/>
  </testcase> <!-- method2 -->
  <testcase classname="testNGPkg.ParallelExecutionTest1" name="method3" time="0.0">
    <ignored/>
  </testcase> <!-- method3 -->
</testsuite> <!-- Test8 -->
