<?xml version="1.0" encoding="UTF-8"?>
<testng-results ignored="0" total="1" passed="1" failed="0" skipped="0">
  <reporter-output>
  </reporter-output>
  <suite started-at="2022-02-09T23:21:38 PST" name="Suite" finished-at="2022-02-09T23:21:52 PST" duration-ms="13690">
    <groups>
    </groups>
    <test started-at="2022-02-09T23:21:38 PST" name="Test" finished-at="2022-02-09T23:21:52 PST" duration-ms="13690">
      <class name="testNGPkg.ByClassProgram">
        <test-method signature="launch()[pri:0, instance:testNGPkg.ByClassProgram@38604b81]" started-at="2022-02-09T23:21:38 PST" name="launch" finished-at="2022-02-09T23:21:52 PST" duration-ms="13599" status="PASS">
          <reporter-output>
          </reporter-output>
        </test-method> <!-- launch -->
      </class> <!-- testNGPkg.ByClassProgram -->
    </test> <!-- Test -->
  </suite> <!-- Suite -->
</testng-results>
